#
# A fatal error has been detected by the Java Runtime Environment:
#
#  EXCEPTION_ACCESS_VIOLATION (0xc0000005) at pc=0x00007ff954865203, pid=16260, tid=6396
#
# JRE version: OpenJDK Runtime Environment (16.0.1+9) (build 16.0.1+9-24)
# Java VM: OpenJDK 64-Bit Server VM (16.0.1+9-24, mixed mode, tiered, compressed oops, compressed class ptrs, g1 gc, windows-amd64)
# Problematic frame:
# V  [jvm.dll+0x6e5203]
#
# No core dump will be written. Minidumps are not enabled by default on client versions of Windows
#
# If you would like to submit a bug report, please visit:
#   https://bugreport.java.com/bugreport/crash.jsp
#

---------------  S U M M A R Y ------------

Command Line: -XX:+ShowCodeDetailsInExceptionMessages -agentlib:jdwp=transport=dt_socket,suspend=y,address=localhost:53075 -javaagent:C:\Software\eclipse-jee-2021-06-R-win32-x86_64\eclipse\configuration\org.eclipse.osgi\415\0\.cp\lib\javaagent-shaded.jar -Dfile.encoding=Cp1252 arrayprograms.SortElementsInAscendingOrder

Host: Intel(R) Core(TM) i3-7020U CPU @ 2.30GHz, 4 cores, 7G,  Windows 10 , 64 bit Build 19041 (10.0.19041.4597)
Time: Sun Jul 21 16:53:33 2024 India Standard Time elapsed time: 123516.685421 seconds (1d 10h 18m 36s)

---------------  T H R E A D  ---------------

Current thread (0x0000024a1c8c46c0):  JavaThread "main" [_thread_in_vm, id=6396, stack(0x0000006c1de00000,0x0000006c1df00000)]

Stack: [0x0000006c1de00000,0x0000006c1df00000],  sp=0x0000006c1defee00,  free space=1019k
Native frames: (J=compiled Java code, j=interpreted, Vv=VM code, C=native code)
V  [jvm.dll+0x6e5203]
V  [jvm.dll+0x2bf843]
V  [jvm.dll+0x379e88]
V  [jvm.dll+0x37961f]
C  0x0000024a21626d6c

Java frames: (J=compiled Java code, j=interpreted, Vv=VM code)
j  arrayprograms.SortElementsInAscendingOrder.main([Ljava/lang/String;)V+148
v  ~StubRoutines::call_stub

siginfo: EXCEPTION_ACCESS_VIOLATION (0xc0000005), reading address 0x0000000000000004


Register to memory mapping:

RIP=0x00007ff954865203 jvm.dll
RAX=0x0 is NULL
RBX=0x0 is NULL
RCX=0x0000006c1defee20 is pointing into the stack for thread: 0x0000024a1c8c46c0
RDX=0x0 is NULL
RSP=0x0000006c1defee00 is pointing into the stack for thread: 0x0000024a1c8c46c0
RBP=0x0000006c1defefb0 is pointing into the stack for thread: 0x0000024a1c8c46c0
RSI=0x0000024a1c6cf6d0 points into unknown readable memory: 0x0072006f00000002 | 02 00 00 00 6f 00 72 00
RDI=0x0000024a1c8c46c0 is a thread
R8 =0x0 is NULL
R9 =0x0000024a3983a598 is pointing into metadata
R10=0x0000024a21600000 points into unknown readable memory: 0x0000000000000006 | 06 00 00 00 00 00 00 00
R11=0x0000006c1defee58 is pointing into the stack for thread: 0x0000024a1c8c46c0
R12=0x0000024a1c8c4be0 points into unknown readable memory: 0x0000000000000000 | 00 00 00 00 00 00 00 00
R13=0x0000024a1c8c4bf0 points into unknown readable memory: 0x6f72707961727261 | 61 72 72 61 79 70 72 6f
R14=0x0000006c1defee80 is pointing into the stack for thread: 0x0000024a1c8c46c0
R15=0x00000000000000b7 is an unknown value


Registers:
RAX=0x0000000000000000, RBX=0x0000000000000000, RCX=0x0000006c1defee20, RDX=0x0000000000000000
RSP=0x0000006c1defee00, RBP=0x0000006c1defefb0, RSI=0x0000024a1c6cf6d0, RDI=0x0000024a1c8c46c0
R8 =0x0000000000000000, R9 =0x0000024a3983a598, R10=0x0000024a21600000, R11=0x0000006c1defee58
R12=0x0000024a1c8c4be0, R13=0x0000024a1c8c4bf0, R14=0x0000006c1defee80, R15=0x00000000000000b7
RIP=0x00007ff954865203, EFLAGS=0x0000000000010246

Top of Stack: (sp=0x0000006c1defee00)
0x0000006c1defee00:   0000024a38a9c680 00007ff9547bacf3
0x0000006c1defee10:   0000024a1c9893c0 00007ff95444172f
0x0000006c1defee20:   0000000000000000 0000024a1c8b3b30
0x0000006c1defee30:   0000000000000002 00007ff9544e5ed8
0x0000006c1defee40:   0000024a1c8c46c0 00007ff9544416cc
0x0000006c1defee50:   0000000000000000 00007ff95443f843
0x0000006c1defee60:   0000006c1defef18 0000024a1c6cf6d0
0x0000006c1defee70:   0000024a1c8c46c0 00007ff9543ba62e
0x0000006c1defee80:   0000000000000000 0000006c00000063
0x0000006c1defee90:   0000000000000000 0000024a00000000
0x0000006c1defeea0:   0000000000000000 00007ff9544f9e88
0x0000006c1defeeb0:   0000000000000000 0000024a1c6cf6d0
0x0000006c1defeec0:   0000024a3983aa68 0000024a38a9d0d0
0x0000006c1defeed0:   0000000000000000 0000000000000000
0x0000006c1defeee0:   0000024a3983aa68 0000024a1c8c46c0
0x0000006c1defeef0:   0000024a1c6cc4d0 0000024a1c8c46c0 

Instructions: (pc=0x00007ff954865203)
0x00007ff954865103:   18 48 89 11 c7 41 08 63 00 00 00 49 8d 4b c8 0f
0x00007ff954865113:   b7 42 04 89 44 24 30 48 8b 05 47 08 41 00 c7 44
0x00007ff954865123:   24 3c 01 00 00 00 c7 44 24 2c 01 00 00 00 c7 44
0x00007ff954865133:   24 28 01 00 00 00 89 5c 24 34 49 89 43 e8 49 89
0x00007ff954865143:   5b f0 e8 f6 0e 00 00 83 7c 24 3c 03 74 25 8b fb
0x00007ff954865153:   0f 1f 40 00 66 0f 1f 84 00 00 00 00 00 ff c7 48
0x00007ff954865163:   8d 4c 24 20 89 7e 18 e8 d1 0e 00 00 83 7c 24 3c
0x00007ff954865173:   03 75 ea 8b 44 24 38 48 8b 4c 24 40 89 46 08 e8
0x00007ff954865183:   09 f9 04 00 48 8b 6c 24 48 48 85 ed 74 27 39 5d
0x00007ff954865193:   00 7e 22 48 8b fb 0f 1f 80 00 00 00 00 48 8b 4d
0x00007ff9548651a3:   08 48 8b 0c 39 e8 e3 f8 04 00 ff c3 48 8d 7f 08
0x00007ff9548651b3:   3b 5d 00 7c e8 48 8b 5c 24 60 48 8b c6 48 8b 74
0x00007ff9548651c3:   24 70 48 8b 6c 24 68 48 83 c4 50 5f c3 4c 8b dc
0x00007ff9548651d3:   49 89 5b 08 49 89 73 10 49 89 7b 18 41 56 48 83
0x00007ff9548651e3:   ec 50 49 89 53 c8 33 db 48 89 59 10 4c 8b f1 89
0x00007ff9548651f3:   59 18 48 89 11 c7 41 08 63 00 00 00 49 8d 4b c8
0x00007ff954865203:   0f b7 42 04 89 44 24 30 48 8b 05 56 07 41 00 c7
0x00007ff954865213:   44 24 3c 01 00 00 00 c7 44 24 2c 01 00 00 00 c7
0x00007ff954865223:   44 24 28 01 00 00 00 89 5c 24 34 49 89 43 e8 49
0x00007ff954865233:   89 5b f0 e8 05 0e 00 00 83 7c 24 3c 03 74 36 8b
0x00007ff954865243:   fb 0f 1f 40 00 0f 1f 84 00 00 00 00 00 8b 44 24
0x00007ff954865253:   38 83 c0 f9 83 e0 fb f7 d8 1b c9 83 c1 02 03 f9
0x00007ff954865263:   48 8d 4c 24 20 41 89 7e 18 e8 cf 0d 00 00 83 7c
0x00007ff954865273:   24 3c 03 75 d8 8b 44 24 38 48 8b 4c 24 40 41 89
0x00007ff954865283:   46 08 e8 06 f8 04 00 48 8b 74 24 48 48 85 f6 74
0x00007ff954865293:   23 39 1e 7e 1f 48 8b fb 0f 1f 44 00 00 48 8b 4e
0x00007ff9548652a3:   08 48 8b 0c 39 e8 e3 f7 04 00 ff c3 48 8d 7f 08
0x00007ff9548652b3:   3b 1e 7c e9 48 8b 5c 24 60 49 8b c6 48 8b 74 24
0x00007ff9548652c3:   68 48 8b 7c 24 70 48 83 c4 50 41 5e c3 48 89 5c
0x00007ff9548652d3:   24 10 48 89 6c 24 18 57 48 83 ec 50 33 ff 48 89
0x00007ff9548652e3:   11 48 89 79 10 48 8b d9 89 79 18 c7 41 08 63 00
0x00007ff9548652f3:   00 00 48 8d 4c 24 20 0f b7 42 04 89 44 24 30 48 


Stack slot to memory mapping:
stack at sp + 0 slots: 0x0000024a38a9c680 points into unknown readable memory: 0x0000024a1c8c46c0 | c0 46 8c 1c 4a 02 00 00
stack at sp + 1 slots: 0x00007ff9547bacf3 jvm.dll
stack at sp + 2 slots: 0x0000024a1c9893c0 points into unknown readable memory: 0x0000000089507a98 | 98 7a 50 89 00 00 00 00
stack at sp + 3 slots: 0x00007ff95444172f jvm.dll
stack at sp + 4 slots: 0x0 is NULL
stack at sp + 5 slots: 0x0000024a1c8b3b30 points into unknown readable memory: 0x00007ff954bfc150 | 50 c1 bf 54 f9 7f 00 00
stack at sp + 6 slots: 0x0000000000000002 is an unknown value
stack at sp + 7 slots: 0x00007ff9544e5ed8 jvm.dll


---------------  P R O C E S S  ---------------

Threads class SMR info:
_java_thread_list=0x0000024a388f7580, length=13, elements={
0x0000024a1c8c46c0, 0x0000024a37dd6650, 0x0000024a37dd7250, 0x0000024a37e086e0,
0x0000024a37e0b1f0, 0x0000024a37e0bbf0, 0x0000024a37e0c5f0, 0x0000024a38814440,
0x0000024a388732c0, 0x0000024a38875920, 0x0000024a388e2d70, 0x0000024a38a6fc90,
0x0000024a38bfe670
}

Java Threads: ( => current thread )
=>0x0000024a1c8c46c0 JavaThread "main" [_thread_in_vm, id=6396, stack(0x0000006c1de00000,0x0000006c1df00000)]
  0x0000024a37dd6650 JavaThread "Reference Handler" daemon [_thread_blocked, id=7412, stack(0x0000006c1e500000,0x0000006c1e600000)]
  0x0000024a37dd7250 JavaThread "Finalizer" daemon [_thread_blocked, id=12216, stack(0x0000006c1e600000,0x0000006c1e700000)]
  0x0000024a37e086e0 JavaThread "Signal Dispatcher" daemon [_thread_blocked, id=16240, stack(0x0000006c1e700000,0x0000006c1e800000)]
  0x0000024a37e0b1f0 JavaThread "Attach Listener" daemon [_thread_blocked, id=2412, stack(0x0000006c1e800000,0x0000006c1e900000)]
  0x0000024a37e0bbf0 JavaThread "Service Thread" daemon [_thread_blocked, id=13300, stack(0x0000006c1e900000,0x0000006c1ea00000)]
  0x0000024a37e0c5f0 JavaThread "Monitor Deflation Thread" daemon [_thread_blocked, id=13152, stack(0x0000006c1ea00000,0x0000006c1eb00000)]
  0x0000024a38814440 JavaThread "C2 CompilerThread0" daemon [_thread_blocked, id=15448, stack(0x0000006c1eb00000,0x0000006c1ec00000)]
  0x0000024a388732c0 JavaThread "C1 CompilerThread0" daemon [_thread_blocked, id=7844, stack(0x0000006c1ec00000,0x0000006c1ed00000)]
  0x0000024a38875920 JavaThread "Sweeper thread" daemon [_thread_blocked, id=15364, stack(0x0000006c1ed00000,0x0000006c1ee00000)]
  0x0000024a388e2d70 JavaThread "Common-Cleaner" daemon [_thread_blocked, id=11896, stack(0x0000006c1ee00000,0x0000006c1ef00000)]
  0x0000024a38a6fc90 JavaThread "JDWP Event Helper Thread" daemon [_thread_blocked, id=11540, stack(0x0000006c1f000000,0x0000006c1f100000)]
  0x0000024a38bfe670 JavaThread "Notification Thread" daemon [_thread_blocked, id=4400, stack(0x0000006c1f200000,0x0000006c1f300000)]

Other Threads:
  0x0000024a37dc2120 VMThread "VM Thread" [stack: 0x0000006c1e400000,0x0000006c1e500000] [id=9332]
  0x0000024a38bfeb90 WatcherThread [stack: 0x0000006c1f300000,0x0000006c1f400000] [id=12124]
  0x0000024a1c9030f0 GCTaskThread "GC Thread#0" [stack: 0x0000006c1df00000,0x0000006c1e000000] [id=1352]
  0x0000024a1c913f70 ConcurrentGCThread "G1 Main Marker" [stack: 0x0000006c1e000000,0x0000006c1e100000] [id=13744]
  0x0000024a1c914a60 ConcurrentGCThread "G1 Conc#0" [stack: 0x0000006c1e100000,0x0000006c1e200000] [id=5308]
  0x0000024a1c98b500 ConcurrentGCThread "G1 Refine#0" [stack: 0x0000006c1e200000,0x0000006c1e300000] [id=8916]
  0x0000024a1c98ceb0 ConcurrentGCThread "G1 Service" [stack: 0x0000006c1e300000,0x0000006c1e400000] [id=11464]

Threads with active compile tasks:

VM state: not at safepoint (normal execution)

VM Mutex/Monitor currently owned by a thread: None

Heap address: 0x0000000081600000, size: 2026 MB, Compressed Oops mode: 32-bit

CDS disabled.
Compressed class space mapped at: 0x0000000100000000-0x0000000140000000, reserved size: 1073741824
Narrow klass base: 0x0000000000000000, Narrow klass shift: 3, Narrow klass range: 0x140000000

GC Precious Log:
 CPUs: 4 total, 4 available
 Memory: 8103M
 Large Page Support: Disabled
 NUMA Support: Disabled
 Compressed Oops: Enabled (32-bit)
 Heap Region Size: 1M
 Heap Min Capacity: 8M
 Heap Initial Capacity: 128M
 Heap Max Capacity: 2026M
 Pre-touch: Disabled
 Parallel Workers: 4
 Concurrent Workers: 1
 Concurrent Refinement Workers: 4
 Periodic GC: Disabled

Heap:
 garbage-first heap   total 131072K, used 5120K [0x0000000081600000, 0x0000000100000000)
  region size 1024K, 6 young (6144K), 0 survivors (0K)
 Metaspace       used 9321K, committed 9536K, reserved 1064960K
  class space    used 793K, committed 896K, reserved 1048576K

Heap Regions: E=young(eden), S=young(survivor), O=old, HS=humongous(starts), HC=humongous(continues), CS=collection set, F=free, OA=open archive, CA=closed archive, TAMS=top-at-mark-start (previous, next)
|   0|0x0000000081600000, 0x0000000081600000, 0x0000000081700000|  0%| F|  |TAMS 0x0000000081600000, 0x0000000081600000| Untracked 
|   1|0x0000000081700000, 0x0000000081700000, 0x0000000081800000|  0%| F|  |TAMS 0x0000000081700000, 0x0000000081700000| Untracked 
|   2|0x0000000081800000, 0x0000000081800000, 0x0000000081900000|  0%| F|  |TAMS 0x0000000081800000, 0x0000000081800000| Untracked 
|   3|0x0000000081900000, 0x0000000081900000, 0x0000000081a00000|  0%| F|  |TAMS 0x0000000081900000, 0x0000000081900000| Untracked 
|   4|0x0000000081a00000, 0x0000000081a00000, 0x0000000081b00000|  0%| F|  |TAMS 0x0000000081a00000, 0x0000000081a00000| Untracked 
|   5|0x0000000081b00000, 0x0000000081b00000, 0x0000000081c00000|  0%| F|  |TAMS 0x0000000081b00000, 0x0000000081b00000| Untracked 
|   6|0x0000000081c00000, 0x0000000081c00000, 0x0000000081d00000|  0%| F|  |TAMS 0x0000000081c00000, 0x0000000081c00000| Untracked 
|   7|0x0000000081d00000, 0x0000000081d00000, 0x0000000081e00000|  0%| F|  |TAMS 0x0000000081d00000, 0x0000000081d00000| Untracked 
|   8|0x0000000081e00000, 0x0000000081e00000, 0x0000000081f00000|  0%| F|  |TAMS 0x0000000081e00000, 0x0000000081e00000| Untracked 
|   9|0x0000000081f00000, 0x0000000081f00000, 0x0000000082000000|  0%| F|  |TAMS 0x0000000081f00000, 0x0000000081f00000| Untracked 
|  10|0x0000000082000000, 0x0000000082000000, 0x0000000082100000|  0%| F|  |TAMS 0x0000000082000000, 0x0000000082000000| Untracked 
|  11|0x0000000082100000, 0x0000000082100000, 0x0000000082200000|  0%| F|  |TAMS 0x0000000082100000, 0x0000000082100000| Untracked 
|  12|0x0000000082200000, 0x0000000082200000, 0x0000000082300000|  0%| F|  |TAMS 0x0000000082200000, 0x0000000082200000| Untracked 
|  13|0x0000000082300000, 0x0000000082300000, 0x0000000082400000|  0%| F|  |TAMS 0x0000000082300000, 0x0000000082300000| Untracked 
|  14|0x0000000082400000, 0x0000000082400000, 0x0000000082500000|  0%| F|  |TAMS 0x0000000082400000, 0x0000000082400000| Untracked 
|  15|0x0000000082500000, 0x0000000082500000, 0x0000000082600000|  0%| F|  |TAMS 0x0000000082500000, 0x0000000082500000| Untracked 
|  16|0x0000000082600000, 0x0000000082600000, 0x0000000082700000|  0%| F|  |TAMS 0x0000000082600000, 0x0000000082600000| Untracked 
|  17|0x0000000082700000, 0x0000000082700000, 0x0000000082800000|  0%| F|  |TAMS 0x0000000082700000, 0x0000000082700000| Untracked 
|  18|0x0000000082800000, 0x0000000082800000, 0x0000000082900000|  0%| F|  |TAMS 0x0000000082800000, 0x0000000082800000| Untracked 
|  19|0x0000000082900000, 0x0000000082900000, 0x0000000082a00000|  0%| F|  |TAMS 0x0000000082900000, 0x0000000082900000| Untracked 
|  20|0x0000000082a00000, 0x0000000082a00000, 0x0000000082b00000|  0%| F|  |TAMS 0x0000000082a00000, 0x0000000082a00000| Untracked 
|  21|0x0000000082b00000, 0x0000000082b00000, 0x0000000082c00000|  0%| F|  |TAMS 0x0000000082b00000, 0x0000000082b00000| Untracked 
|  22|0x0000000082c00000, 0x0000000082c00000, 0x0000000082d00000|  0%| F|  |TAMS 0x0000000082c00000, 0x0000000082c00000| Untracked 
|  23|0x0000000082d00000, 0x0000000082d00000, 0x0000000082e00000|  0%| F|  |TAMS 0x0000000082d00000, 0x0000000082d00000| Untracked 
|  24|0x0000000082e00000, 0x0000000082e00000, 0x0000000082f00000|  0%| F|  |TAMS 0x0000000082e00000, 0x0000000082e00000| Untracked 
|  25|0x0000000082f00000, 0x0000000082f00000, 0x0000000083000000|  0%| F|  |TAMS 0x0000000082f00000, 0x0000000082f00000| Untracked 
|  26|0x0000000083000000, 0x0000000083000000, 0x0000000083100000|  0%| F|  |TAMS 0x0000000083000000, 0x0000000083000000| Untracked 
|  27|0x0000000083100000, 0x0000000083100000, 0x0000000083200000|  0%| F|  |TAMS 0x0000000083100000, 0x0000000083100000| Untracked 
|  28|0x0000000083200000, 0x0000000083200000, 0x0000000083300000|  0%| F|  |TAMS 0x0000000083200000, 0x0000000083200000| Untracked 
|  29|0x0000000083300000, 0x0000000083300000, 0x0000000083400000|  0%| F|  |TAMS 0x0000000083300000, 0x0000000083300000| Untracked 
|  30|0x0000000083400000, 0x0000000083400000, 0x0000000083500000|  0%| F|  |TAMS 0x0000000083400000, 0x0000000083400000| Untracked 
|  31|0x0000000083500000, 0x0000000083500000, 0x0000000083600000|  0%| F|  |TAMS 0x0000000083500000, 0x0000000083500000| Untracked 
|  32|0x0000000083600000, 0x0000000083600000, 0x0000000083700000|  0%| F|  |TAMS 0x0000000083600000, 0x0000000083600000| Untracked 
|  33|0x0000000083700000, 0x0000000083700000, 0x0000000083800000|  0%| F|  |TAMS 0x0000000083700000, 0x0000000083700000| Untracked 
|  34|0x0000000083800000, 0x0000000083800000, 0x0000000083900000|  0%| F|  |TAMS 0x0000000083800000, 0x0000000083800000| Untracked 
|  35|0x0000000083900000, 0x0000000083900000, 0x0000000083a00000|  0%| F|  |TAMS 0x0000000083900000, 0x0000000083900000| Untracked 
|  36|0x0000000083a00000, 0x0000000083a00000, 0x0000000083b00000|  0%| F|  |TAMS 0x0000000083a00000, 0x0000000083a00000| Untracked 
|  37|0x0000000083b00000, 0x0000000083b00000, 0x0000000083c00000|  0%| F|  |TAMS 0x0000000083b00000, 0x0000000083b00000| Untracked 
|  38|0x0000000083c00000, 0x0000000083c00000, 0x0000000083d00000|  0%| F|  |TAMS 0x0000000083c00000, 0x0000000083c00000| Untracked 
|  39|0x0000000083d00000, 0x0000000083d00000, 0x0000000083e00000|  0%| F|  |TAMS 0x0000000083d00000, 0x0000000083d00000| Untracked 
|  40|0x0000000083e00000, 0x0000000083e00000, 0x0000000083f00000|  0%| F|  |TAMS 0x0000000083e00000, 0x0000000083e00000| Untracked 
|  41|0x0000000083f00000, 0x0000000083f00000, 0x0000000084000000|  0%| F|  |TAMS 0x0000000083f00000, 0x0000000083f00000| Untracked 
|  42|0x0000000084000000, 0x0000000084000000, 0x0000000084100000|  0%| F|  |TAMS 0x0000000084000000, 0x0000000084000000| Untracked 
|  43|0x0000000084100000, 0x0000000084100000, 0x0000000084200000|  0%| F|  |TAMS 0x0000000084100000, 0x0000000084100000| Untracked 
|  44|0x0000000084200000, 0x0000000084200000, 0x0000000084300000|  0%| F|  |TAMS 0x0000000084200000, 0x0000000084200000| Untracked 
|  45|0x0000000084300000, 0x0000000084300000, 0x0000000084400000|  0%| F|  |TAMS 0x0000000084300000, 0x0000000084300000| Untracked 
|  46|0x0000000084400000, 0x0000000084400000, 0x0000000084500000|  0%| F|  |TAMS 0x0000000084400000, 0x0000000084400000| Untracked 
|  47|0x0000000084500000, 0x0000000084500000, 0x0000000084600000|  0%| F|  |TAMS 0x0000000084500000, 0x0000000084500000| Untracked 
|  48|0x0000000084600000, 0x0000000084600000, 0x0000000084700000|  0%| F|  |TAMS 0x0000000084600000, 0x0000000084600000| Untracked 
|  49|0x0000000084700000, 0x0000000084700000, 0x0000000084800000|  0%| F|  |TAMS 0x0000000084700000, 0x0000000084700000| Untracked 
|  50|0x0000000084800000, 0x0000000084800000, 0x0000000084900000|  0%| F|  |TAMS 0x0000000084800000, 0x0000000084800000| Untracked 
|  51|0x0000000084900000, 0x0000000084900000, 0x0000000084a00000|  0%| F|  |TAMS 0x0000000084900000, 0x0000000084900000| Untracked 
|  52|0x0000000084a00000, 0x0000000084a00000, 0x0000000084b00000|  0%| F|  |TAMS 0x0000000084a00000, 0x0000000084a00000| Untracked 
|  53|0x0000000084b00000, 0x0000000084b00000, 0x0000000084c00000|  0%| F|  |TAMS 0x0000000084b00000, 0x0000000084b00000| Untracked 
|  54|0x0000000084c00000, 0x0000000084c00000, 0x0000000084d00000|  0%| F|  |TAMS 0x0000000084c00000, 0x0000000084c00000| Untracked 
|  55|0x0000000084d00000, 0x0000000084d00000, 0x0000000084e00000|  0%| F|  |TAMS 0x0000000084d00000, 0x0000000084d00000| Untracked 
|  56|0x0000000084e00000, 0x0000000084e00000, 0x0000000084f00000|  0%| F|  |TAMS 0x0000000084e00000, 0x0000000084e00000| Untracked 
|  57|0x0000000084f00000, 0x0000000084f00000, 0x0000000085000000|  0%| F|  |TAMS 0x0000000084f00000, 0x0000000084f00000| Untracked 
|  58|0x0000000085000000, 0x0000000085000000, 0x0000000085100000|  0%| F|  |TAMS 0x0000000085000000, 0x0000000085000000| Untracked 
|  59|0x0000000085100000, 0x0000000085100000, 0x0000000085200000|  0%| F|  |TAMS 0x0000000085100000, 0x0000000085100000| Untracked 
|  60|0x0000000085200000, 0x0000000085200000, 0x0000000085300000|  0%| F|  |TAMS 0x0000000085200000, 0x0000000085200000| Untracked 
|  61|0x0000000085300000, 0x0000000085300000, 0x0000000085400000|  0%| F|  |TAMS 0x0000000085300000, 0x0000000085300000| Untracked 
|  62|0x0000000085400000, 0x0000000085400000, 0x0000000085500000|  0%| F|  |TAMS 0x0000000085400000, 0x0000000085400000| Untracked 
|  63|0x0000000085500000, 0x0000000085500000, 0x0000000085600000|  0%| F|  |TAMS 0x0000000085500000, 0x0000000085500000| Untracked 
|  64|0x0000000085600000, 0x0000000085600000, 0x0000000085700000|  0%| F|  |TAMS 0x0000000085600000, 0x0000000085600000| Untracked 
|  65|0x0000000085700000, 0x0000000085700000, 0x0000000085800000|  0%| F|  |TAMS 0x0000000085700000, 0x0000000085700000| Untracked 
|  66|0x0000000085800000, 0x0000000085800000, 0x0000000085900000|  0%| F|  |TAMS 0x0000000085800000, 0x0000000085800000| Untracked 
|  67|0x0000000085900000, 0x0000000085900000, 0x0000000085a00000|  0%| F|  |TAMS 0x0000000085900000, 0x0000000085900000| Untracked 
|  68|0x0000000085a00000, 0x0000000085a00000, 0x0000000085b00000|  0%| F|  |TAMS 0x0000000085a00000, 0x0000000085a00000| Untracked 
|  69|0x0000000085b00000, 0x0000000085b00000, 0x0000000085c00000|  0%| F|  |TAMS 0x0000000085b00000, 0x0000000085b00000| Untracked 
|  70|0x0000000085c00000, 0x0000000085c00000, 0x0000000085d00000|  0%| F|  |TAMS 0x0000000085c00000, 0x0000000085c00000| Untracked 
|  71|0x0000000085d00000, 0x0000000085d00000, 0x0000000085e00000|  0%| F|  |TAMS 0x0000000085d00000, 0x0000000085d00000| Untracked 
|  72|0x0000000085e00000, 0x0000000085e00000, 0x0000000085f00000|  0%| F|  |TAMS 0x0000000085e00000, 0x0000000085e00000| Untracked 
|  73|0x0000000085f00000, 0x0000000085f00000, 0x0000000086000000|  0%| F|  |TAMS 0x0000000085f00000, 0x0000000085f00000| Untracked 
|  74|0x0000000086000000, 0x0000000086000000, 0x0000000086100000|  0%| F|  |TAMS 0x0000000086000000, 0x0000000086000000| Untracked 
|  75|0x0000000086100000, 0x0000000086100000, 0x0000000086200000|  0%| F|  |TAMS 0x0000000086100000, 0x0000000086100000| Untracked 
|  76|0x0000000086200000, 0x0000000086200000, 0x0000000086300000|  0%| F|  |TAMS 0x0000000086200000, 0x0000000086200000| Untracked 
|  77|0x0000000086300000, 0x0000000086300000, 0x0000000086400000|  0%| F|  |TAMS 0x0000000086300000, 0x0000000086300000| Untracked 
|  78|0x0000000086400000, 0x0000000086400000, 0x0000000086500000|  0%| F|  |TAMS 0x0000000086400000, 0x0000000086400000| Untracked 
|  79|0x0000000086500000, 0x0000000086500000, 0x0000000086600000|  0%| F|  |TAMS 0x0000000086500000, 0x0000000086500000| Untracked 
|  80|0x0000000086600000, 0x0000000086600000, 0x0000000086700000|  0%| F|  |TAMS 0x0000000086600000, 0x0000000086600000| Untracked 
|  81|0x0000000086700000, 0x0000000086700000, 0x0000000086800000|  0%| F|  |TAMS 0x0000000086700000, 0x0000000086700000| Untracked 
|  82|0x0000000086800000, 0x0000000086800000, 0x0000000086900000|  0%| F|  |TAMS 0x0000000086800000, 0x0000000086800000| Untracked 
|  83|0x0000000086900000, 0x0000000086900000, 0x0000000086a00000|  0%| F|  |TAMS 0x0000000086900000, 0x0000000086900000| Untracked 
|  84|0x0000000086a00000, 0x0000000086a00000, 0x0000000086b00000|  0%| F|  |TAMS 0x0000000086a00000, 0x0000000086a00000| Untracked 
|  85|0x0000000086b00000, 0x0000000086b00000, 0x0000000086c00000|  0%| F|  |TAMS 0x0000000086b00000, 0x0000000086b00000| Untracked 
|  86|0x0000000086c00000, 0x0000000086c00000, 0x0000000086d00000|  0%| F|  |TAMS 0x0000000086c00000, 0x0000000086c00000| Untracked 
|  87|0x0000000086d00000, 0x0000000086d00000, 0x0000000086e00000|  0%| F|  |TAMS 0x0000000086d00000, 0x0000000086d00000| Untracked 
|  88|0x0000000086e00000, 0x0000000086e00000, 0x0000000086f00000|  0%| F|  |TAMS 0x0000000086e00000, 0x0000000086e00000| Untracked 
|  89|0x0000000086f00000, 0x0000000086f00000, 0x0000000087000000|  0%| F|  |TAMS 0x0000000086f00000, 0x0000000086f00000| Untracked 
|  90|0x0000000087000000, 0x0000000087000000, 0x0000000087100000|  0%| F|  |TAMS 0x0000000087000000, 0x0000000087000000| Untracked 
|  91|0x0000000087100000, 0x0000000087100000, 0x0000000087200000|  0%| F|  |TAMS 0x0000000087100000, 0x0000000087100000| Untracked 
|  92|0x0000000087200000, 0x0000000087200000, 0x0000000087300000|  0%| F|  |TAMS 0x0000000087200000, 0x0000000087200000| Untracked 
|  93|0x0000000087300000, 0x0000000087300000, 0x0000000087400000|  0%| F|  |TAMS 0x0000000087300000, 0x0000000087300000| Untracked 
|  94|0x0000000087400000, 0x0000000087400000, 0x0000000087500000|  0%| F|  |TAMS 0x0000000087400000, 0x0000000087400000| Untracked 
|  95|0x0000000087500000, 0x0000000087500000, 0x0000000087600000|  0%| F|  |TAMS 0x0000000087500000, 0x0000000087500000| Untracked 
|  96|0x0000000087600000, 0x0000000087600000, 0x0000000087700000|  0%| F|  |TAMS 0x0000000087600000, 0x0000000087600000| Untracked 
|  97|0x0000000087700000, 0x0000000087700000, 0x0000000087800000|  0%| F|  |TAMS 0x0000000087700000, 0x0000000087700000| Untracked 
|  98|0x0000000087800000, 0x0000000087800000, 0x0000000087900000|  0%| F|  |TAMS 0x0000000087800000, 0x0000000087800000| Untracked 
|  99|0x0000000087900000, 0x0000000087900000, 0x0000000087a00000|  0%| F|  |TAMS 0x0000000087900000, 0x0000000087900000| Untracked 
| 100|0x0000000087a00000, 0x0000000087a00000, 0x0000000087b00000|  0%| F|  |TAMS 0x0000000087a00000, 0x0000000087a00000| Untracked 
| 101|0x0000000087b00000, 0x0000000087b00000, 0x0000000087c00000|  0%| F|  |TAMS 0x0000000087b00000, 0x0000000087b00000| Untracked 
| 102|0x0000000087c00000, 0x0000000087c00000, 0x0000000087d00000|  0%| F|  |TAMS 0x0000000087c00000, 0x0000000087c00000| Untracked 
| 103|0x0000000087d00000, 0x0000000087d00000, 0x0000000087e00000|  0%| F|  |TAMS 0x0000000087d00000, 0x0000000087d00000| Untracked 
| 104|0x0000000087e00000, 0x0000000087e00000, 0x0000000087f00000|  0%| F|  |TAMS 0x0000000087e00000, 0x0000000087e00000| Untracked 
| 105|0x0000000087f00000, 0x0000000087f00000, 0x0000000088000000|  0%| F|  |TAMS 0x0000000087f00000, 0x0000000087f00000| Untracked 
| 106|0x0000000088000000, 0x0000000088000000, 0x0000000088100000|  0%| F|  |TAMS 0x0000000088000000, 0x0000000088000000| Untracked 
| 107|0x0000000088100000, 0x0000000088100000, 0x0000000088200000|  0%| F|  |TAMS 0x0000000088100000, 0x0000000088100000| Untracked 
| 108|0x0000000088200000, 0x0000000088200000, 0x0000000088300000|  0%| F|  |TAMS 0x0000000088200000, 0x0000000088200000| Untracked 
| 109|0x0000000088300000, 0x0000000088300000, 0x0000000088400000|  0%| F|  |TAMS 0x0000000088300000, 0x0000000088300000| Untracked 
| 110|0x0000000088400000, 0x0000000088400000, 0x0000000088500000|  0%| F|  |TAMS 0x0000000088400000, 0x0000000088400000| Untracked 
| 111|0x0000000088500000, 0x0000000088500000, 0x0000000088600000|  0%| F|  |TAMS 0x0000000088500000, 0x0000000088500000| Untracked 
| 112|0x0000000088600000, 0x0000000088600000, 0x0000000088700000|  0%| F|  |TAMS 0x0000000088600000, 0x0000000088600000| Untracked 
| 113|0x0000000088700000, 0x0000000088700000, 0x0000000088800000|  0%| F|  |TAMS 0x0000000088700000, 0x0000000088700000| Untracked 
| 114|0x0000000088800000, 0x0000000088800000, 0x0000000088900000|  0%| F|  |TAMS 0x0000000088800000, 0x0000000088800000| Untracked 
| 115|0x0000000088900000, 0x0000000088900000, 0x0000000088a00000|  0%| F|  |TAMS 0x0000000088900000, 0x0000000088900000| Untracked 
| 116|0x0000000088a00000, 0x0000000088a00000, 0x0000000088b00000|  0%| F|  |TAMS 0x0000000088a00000, 0x0000000088a00000| Untracked 
| 117|0x0000000088b00000, 0x0000000088b00000, 0x0000000088c00000|  0%| F|  |TAMS 0x0000000088b00000, 0x0000000088b00000| Untracked 
| 118|0x0000000088c00000, 0x0000000088c00000, 0x0000000088d00000|  0%| F|  |TAMS 0x0000000088c00000, 0x0000000088c00000| Untracked 
| 119|0x0000000088d00000, 0x0000000088d00000, 0x0000000088e00000|  0%| F|  |TAMS 0x0000000088d00000, 0x0000000088d00000| Untracked 
| 120|0x0000000088e00000, 0x0000000088e00000, 0x0000000088f00000|  0%| F|  |TAMS 0x0000000088e00000, 0x0000000088e00000| Untracked 
| 121|0x0000000088f00000, 0x0000000088f00000, 0x0000000089000000|  0%| F|  |TAMS 0x0000000088f00000, 0x0000000088f00000| Untracked 
| 122|0x0000000089000000, 0x000000008904af10, 0x0000000089100000| 29%| E|  |TAMS 0x0000000089000000, 0x0000000089000000| Complete 
| 123|0x0000000089100000, 0x0000000089200000, 0x0000000089200000|100%| E|CS|TAMS 0x0000000089100000, 0x0000000089100000| Complete 
| 124|0x0000000089200000, 0x0000000089300000, 0x0000000089300000|100%| E|CS|TAMS 0x0000000089200000, 0x0000000089200000| Complete 
| 125|0x0000000089300000, 0x0000000089400000, 0x0000000089400000|100%| E|CS|TAMS 0x0000000089300000, 0x0000000089300000| Complete 
| 126|0x0000000089400000, 0x0000000089500000, 0x0000000089500000|100%| E|CS|TAMS 0x0000000089400000, 0x0000000089400000| Complete 
| 127|0x0000000089500000, 0x0000000089600000, 0x0000000089600000|100%| E|CS|TAMS 0x0000000089500000, 0x0000000089500000| Complete 

Card table byte_map: [0x0000024a31030000,0x0000024a31430000] _byte_map_base: 0x0000024a30c25000

Marking Bits (Prev, Next): (CMBitMap*) 0x0000024a1c9037e0, (CMBitMap*) 0x0000024a1c903820
 Prev Bits: [0x0000024a31830000, 0x0000024a337d8000)
 Next Bits: [0x0000024a337e0000, 0x0000024a35788000)

Polling page: 0x0000024a1c9a0000

Metaspace:

Usage:
  Non-class:      8.33 MB used.
      Class:    793.12 KB used.
       Both:      9.10 MB used.

Virtual space:
  Non-class space:       16.00 MB reserved,       8.44 MB ( 53%) committed,  2 nodes.
      Class space:        1.00 GB reserved,     896.00 KB ( <1%) committed,  1 nodes.
              Both:        1.02 GB reserved,       9.31 MB ( <1%) committed. 

Chunk freelists:
   Non-Class:  2.73 MB
       Class:  3.10 MB
        Both:  5.83 MB

MaxMetaspaceSize: 17179869184.00 GB
CompressedClassSpaceSize: 1.00 GB
 - commit_granule_bytes: 65536.
 - commit_granule_words: 8192.
 - virtual_space_node_default_size: 1048576.
 - enlarge_chunks_in_place: 1.
 - new_chunks_are_fully_committed: 0.
 - uncommit_free_chunks: 1.
 - use_allocation_guard: 0.
 - handle_deallocations: 1.


Internal statistics:

num_allocs_failed_limit: 0.
num_arena_births: 10.
num_arena_deaths: 0.
num_vsnodes_births: 3.
num_vsnodes_deaths: 0.
num_space_committed: 149.
num_space_uncommitted: 0.
num_chunks_returned_to_freelist: 0.
num_chunks_taken_from_freelist: 53.
num_chunk_merges: 0.
num_chunk_splits: 21.
num_chunks_enlarged: 13.
num_purges: 0.

CodeHeap 'non-profiled nmethods': size=120000Kb used=138Kb max_used=138Kb free=119861Kb
 bounds [0x0000024a290d0000, 0x0000024a29340000, 0x0000024a30600000]
CodeHeap 'profiled nmethods': size=120000Kb used=600Kb max_used=600Kb free=119399Kb
 bounds [0x0000024a21ba0000, 0x0000024a21e10000, 0x0000024a290d0000]
CodeHeap 'non-nmethods': size=5760Kb used=1200Kb max_used=1218Kb free=4559Kb
 bounds [0x0000024a21600000, 0x0000024a21870000, 0x0000024a21ba0000]
 total_blobs=849 nmethods=442 adapters=320
 compilation: enabled
              stopped_count=0, restarted_count=0
 full_count=0

Compilation events (20 events):
Event: 33638.199 Thread 0x0000024a388732c0  446       3       org.eclipse.jdt.launching.internal.org.objectweb.asm.SymbolTable::addConstantUtf8 (98 bytes)
Event: 33638.261 Thread 0x0000024a388732c0 

Event: 33645.725 Thread 0x0000024a388732c0  447       3       org.eclipse.jdt.launching.internal.org.objectweb.asm.SymbolTable::addConstantUtf8Reference (20 bytes)
Event: 33645.729 Thread 0x0000024a388732c0 nmethod 447 0x0000024a21c35190 code [0x0000024a21c35360, 0x0000024a21c35628]
Event: 35236.635 Thread 0x0000024a388732c0  448       3       org.eclipse.jdt.launching.internal.org.objectweb.asm.SymbolTable::addConstantMemberReference (29 bytes)
Event: 35236.639 Thread 0x0000024a388732c0 

Event: 35236.639 Thread 0x0000024a388732c0  449       3       org.eclipse.jdt.launching.internal.org.objectweb.asm.SymbolTable::hash (20 bytes)
Event: 35236.668 Thread 0x0000024a388732c0 nmethod 449 0x0000024a21c35810 code [0x0000024a21c359e0, 0x0000024a21c35bc8]
Event: 35236.668 Thread 0x0000024a388732c0  450       1       org.eclipse.jdt.launching.internal.org.objectweb.asm.SymbolTable::getMajorVersion (5 bytes)
Event: 35236.668 Thread 0x0000024a388732c0 nmethod 450 0x0000024a290f2410 code [0x0000024a290f25a0, 0x0000024a290f2678]
Event: 35236.668 Thread 0x0000024a388732c0  451       1       org.eclipse.jdt.launching.internal.org.objectweb.asm.SymbolTable::getSource (5 bytes)
Event: 35236.670 Thread 0x0000024a388732c0 nmethod 451 0x0000024a290f2710 code [0x0000024a290f28a0, 0x0000024a290f2978]
Event: 35787.045 Thread 0x0000024a388732c0  453       3       org.eclipse.jdt.launching.internal.org.objectweb.asm.SymbolTable::addConstantNameAndType (28 bytes)
Event: 35787.045 Thread 0x0000024a38814440  452       4       org.eclipse.jdt.launching.internal.org.objectweb.asm.ClassReader::readUtf (161 bytes)
Event: 35787.050 Thread 0x0000024a388732c0 

Event: 35787.050 Thread 0x0000024a388732c0  454       3       org.eclipse.jdt.launching.internal.org.objectweb.asm.SymbolTable::hash (15 bytes)
Event: 35787.050 Thread 0x0000024a388732c0 nmethod 454 0x0000024a21c35d90 code [0x0000024a21c35f40, 0x0000024a21c360d8]
Event: 35787.111 Thread 0x0000024a38814440 

Event: 36282.328 Thread 0x0000024a38814440  455       4       org.eclipse.jdt.launching.internal.org.objectweb.asm.ClassReader::readUtf (161 bytes)
Event: 36282.356 Thread 0x0000024a38814440 


GC Heap History (0 events):
No events

Deoptimization events (20 events):
Event: 1.240 Thread 0x0000024a1c8c46c0 DEOPT PACKING pc=0x0000024a21c19bf0 sp=0x0000006c1def7e60
Event: 1.240 Thread 0x0000024a1c8c46c0 DEOPT UNPACKING pc=0x0000024a2164dece sp=0x0000006c1def72c8 mode 0
Event: 1.241 Thread 0x0000024a1c8c46c0 DEOPT PACKING pc=0x0000024a21c19bf0 sp=0x0000006c1def7e60
Event: 1.241 Thread 0x0000024a1c8c46c0 DEOPT UNPACKING pc=0x0000024a2164dece sp=0x0000006c1def72c8 mode 0
Event: 1.244 Thread 0x0000024a1c8c46c0 DEOPT PACKING pc=0x0000024a21c19bf0 sp=0x0000006c1def7e60
Event: 1.244 Thread 0x0000024a1c8c46c0 DEOPT UNPACKING pc=0x0000024a2164dece sp=0x0000006c1def72c8 mode 0
Event: 1.246 Thread 0x0000024a1c8c46c0 DEOPT PACKING pc=0x0000024a21c19cdb sp=0x0000006c1def7d50
Event: 1.246 Thread 0x0000024a1c8c46c0 DEOPT UNPACKING pc=0x0000024a2164dece sp=0x0000006c1def71b8 mode 0
Event: 1.248 Thread 0x0000024a1c8c46c0 DEOPT PACKING pc=0x0000024a21c19cdb sp=0x0000006c1defb890
Event: 1.248 Thread 0x0000024a1c8c46c0 DEOPT UNPACKING pc=0x0000024a2164dece sp=0x0000006c1defacf8 mode 0
Event: 1.249 Thread 0x0000024a1c8c46c0 DEOPT PACKING pc=0x0000024a21c19cdb sp=0x0000006c1defb890
Event: 1.249 Thread 0x0000024a1c8c46c0 DEOPT UNPACKING pc=0x0000024a2164dece sp=0x0000006c1defacf8 mode 0
Event: 1.249 Thread 0x0000024a1c8c46c0 DEOPT PACKING pc=0x0000024a21c19cdb sp=0x0000006c1defb890
Event: 1.249 Thread 0x0000024a1c8c46c0 DEOPT UNPACKING pc=0x0000024a2164dece sp=0x0000006c1defacf8 mode 0
Event: 1.249 Thread 0x0000024a1c8c46c0 DEOPT PACKING pc=0x0000024a21c19bf0 sp=0x0000006c1defb890
Event: 1.249 Thread 0x0000024a1c8c46c0 DEOPT UNPACKING pc=0x0000024a2164dece sp=0x0000006c1defacf8 mode 0
Event: 1.254 Thread 0x0000024a1c8c46c0 DEOPT PACKING pc=0x0000024a21c19bf0 sp=0x0000006c1def7de0
Event: 1.254 Thread 0x0000024a1c8c46c0 DEOPT UNPACKING pc=0x0000024a2164dece sp=0x0000006c1def7248 mode 0
Event: 1.259 Thread 0x0000024a1c8c46c0 DEOPT PACKING pc=0x0000024a21c19bf0 sp=0x0000006c1defb7c0
Event: 1.259 Thread 0x0000024a1c8c46c0 DEOPT UNPACKING pc=0x0000024a2164dece sp=0x0000006c1defac28 mode 0

Classes unloaded (0 events):
No events

Classes redefined (20 events):
Event: 32111.919 Thread 0x0000024a37dc2120 redefined class name=arrayprograms.SortElementsInAscendingOrder, count=16
Event: 32124.133 Thread 0x0000024a37dc2120 redefined class name=arrayprograms.SortElementsInAscendingOrder, count=17
Event: 32131.813 Thread 0x0000024a37dc2120 redefined class name=arrayprograms.SortElementsInAscendingOrder, count=18
Event: 32158.717 Thread 0x0000024a37dc2120 redefined class name=arrayprograms.SortElementsInAscendingOrder, count=19
Event: 32222.209 Thread 0x0000024a37dc2120 redefined class name=arrayprograms.SortElementsInAscendingOrder, count=20
Event: 32238.659 Thread 0x0000024a37dc2120 redefined class name=arrayprograms.SortElementsInAscendingOrder, count=21
Event: 32264.881 Thread 0x0000024a37dc2120 redefined class name=arrayprograms.SortElementsInAscendingOrder, count=22
Event: 32291.867 Thread 0x0000024a37dc2120 redefined class name=arrayprograms.SortElementsInAscendingOrder, count=23
Event: 32316.763 Thread 0x0000024a37dc2120 redefined class name=arrayprograms.SortElementsInAscendingOrder, count=24
Event: 32321.003 Thread 0x0000024a37dc2120 redefined class name=arrayprograms.SortElementsInAscendingOrder, count=25
Event: 32325.552 Thread 0x0000024a37dc2120 redefined class name=arrayprograms.SortElementsInAscendingOrder, count=26
Event: 33618.137 Thread 0x0000024a37dc2120 redefined class name=arrayprograms.SortElementsInAscendingOrder, count=27
Event: 33638.229 Thread 0x0000024a37dc2120 redefined class name=arrayprograms.SortElementsInAscendingOrder, count=28
Event: 33645.726 Thread 0x0000024a37dc2120 redefined class name=arrayprograms.SortElementsInAscendingOrder, count=29
Event: 35222.661 Thread 0x0000024a37dc2120 redefined class name=arrayprograms.SortElementsInAscendingOrder, count=30
Event: 35236.637 Thread 0x0000024a37dc2120 redefined class name=arrayprograms.SortElementsInAscendingOrder, count=31
Event: 35787.047 Thread 0x0000024a37dc2120 redefined class name=arrayprograms.SortElementsInAscendingOrder, count=32
Event: 36240.879 Thread 0x0000024a37dc2120 redefined class name=arrayprograms.SortElementsInAscendingOrder, count=33
Event: 36277.261 Thread 0x0000024a37dc2120 redefined class name=arrayprograms.SortElementsInAscendingOrder, count=34
Event: 36282.329 Thread 0x0000024a37dc2120 redefined class name=arrayprograms.SortElementsInAscendingOrder, count=35

Internal exceptions (1 events):
Event: 1.142 Thread 0x0000024a1c8c46c0 Exception <a 'java/lang/NoSuchMethodError'{0x00000000891144e8}: 'java.lang.Object java.lang.invoke.DirectMethodHandle$Holder.invokeStatic(java.lang.Object)'> (0x00000000891144e8) 
thrown [t:\workspace\open\src\hotspot\share\interpreter\linkResolver.cpp, line 790]

Events (20 events):
Event: 36277.268 Executing  VM operation: ChangeBreakpoints
Event: 36277.269 Executing  VM operation: ChangeBreakpoints done
Event: 36277.269 Executing  VM operation: ChangeBreakpoints
Event: 36277.269 Executing  VM operation: ChangeBreakpoints done
Event: 36282.328 Executing  VM operation: RedefineClasses
Event: 36282.331 Executing  VM operation: RedefineClasses done
Event: 36282.337 Executing  VM operation: ChangeBreakpoints
Event: 36282.338 Executing  VM operation: ChangeBreakpoints done
Event: 36282.338 Executing  VM operation: ChangeBreakpoints
Event: 36282.338 Executing  VM operation: ChangeBreakpoints done
Event: 123507.576 Executing  VM operation: ChangeBreakpoints
Event: 123508.292 Executing  VM operation: ChangeBreakpoints done
Event: 123509.132 Executing  VM operation: ChangeBreakpoints
Event: 123509.200 Thread 0x0000024a38a701d0 Thread exited: 0x0000024a38a701d0
Event: 123509.275 Executing  VM operation: ChangeBreakpoints done
Event: 123509.275 Executing  VM operation: ChangeBreakpoints
Event: 123509.400 Executing  VM operation: ChangeBreakpoints done
Event: 123509.400 Executing  VM operation: ChangeBreakpoints
Event: 123509.400 Executing  VM operation: ChangeBreakpoints done
Event: 123511.585 Thread 0x0000024a38a248f0 Thread exited: 0x0000024a38a248f0


Dynamic libraries:
0x00007ff7eacd0000 - 0x00007ff7eacde000 	C:\Software\eclipse-jee-2021-06-R-win32-x86_64\eclipse\plugins\org.eclipse.justj.openjdk.hotspot.jre.full.win32.x86_64_16.0.1.v20210528-1205\jre\bin\javaw.exe
0x00007ff99fb30000 - 0x00007ff99fd28000 	C:\WINDOWS\SYSTEM32\ntdll.dll
0x00007ff99f480000 - 0x00007ff99f541000 	C:\WINDOWS\System32\KERNEL32.DLL
0x00007ff99d450000 - 0x00007ff99d746000 	C:\WINDOWS\System32\KERNELBASE.dll
0x00007ff99d750000 - 0x00007ff99d850000 	C:\WINDOWS\System32\ucrtbase.dll
0x00007ff9837c0000 - 0x00007ff9837d8000 	C:\Software\eclipse-jee-2021-06-R-win32-x86_64\eclipse\plugins\org.eclipse.justj.openjdk.hotspot.jre.full.win32.x86_64_16.0.1.v20210528-1205\jre\bin\jli.dll
0x00007ff99efb0000 - 0x00007ff99f14f000 	C:\WINDOWS\System32\USER32.dll
0x00007ff99d3b0000 - 0x00007ff99d3d2000 	C:\WINDOWS\System32\win32u.dll
0x00007ff99f300000 - 0x00007ff99f32b000 	C:\WINDOWS\System32\GDI32.dll
0x00007ff99d1e0000 - 0x00007ff99d2f7000 	C:\WINDOWS\System32\gdi32full.dll
0x00007ff99d960000 - 0x00007ff99d9fd000 	C:\WINDOWS\System32\msvcp_win.dll
0x00007ff9837e0000 - 0x00007ff9837f9000 	C:\Software\eclipse-jee-2021-06-R-win32-x86_64\eclipse\plugins\org.eclipse.justj.openjdk.hotspot.jre.full.win32.x86_64_16.0.1.v20210528-1205\jre\bin\VCRUNTIME140.dll
0x00007ff982b50000 - 0x00007ff982dea000 	C:\WINDOWS\WinSxS\amd64_microsoft.windows.common-controls_6595b64144ccf1df_6.0.19041.4355_none_60b8b9eb71f62e16\COMCTL32.dll
0x00007ff99ef10000 - 0x00007ff99efae000 	C:\WINDOWS\System32\msvcrt.dll
0x00007ff99f3a0000 - 0x00007ff99f3cf000 	C:\WINDOWS\System32\IMM32.DLL
0x00007ff98c390000 - 0x00007ff98c39c000 	C:\Software\eclipse-jee-2021-06-R-win32-x86_64\eclipse\plugins\org.eclipse.justj.openjdk.hotspot.jre.full.win32.x86_64_16.0.1.v20210528-1205\jre\bin\vcruntime140_1.dll
0x00007ff979a60000 - 0x00007ff979af1000 	C:\Software\eclipse-jee-2021-06-R-win32-x86_64\eclipse\plugins\org.eclipse.justj.openjdk.hotspot.jre.full.win32.x86_64_16.0.1.v20210528-1205\jre\bin\msvcp140.dll
0x00007ff954180000 - 0x00007ff954d2b000 	C:\Software\eclipse-jee-2021-06-R-win32-x86_64\eclipse\plugins\org.eclipse.justj.openjdk.hotspot.jre.full.win32.x86_64_16.0.1.v20210528-1205\jre\bin\server\jvm.dll
0x00007ff99ece0000 - 0x00007ff99ed90000 	C:\WINDOWS\System32\ADVAPI32.dll
0x00007ff99dcb0000 - 0x00007ff99dd50000 	C:\WINDOWS\System32\sechost.dll
0x00007ff99eae0000 - 0x00007ff99ec03000 	C:\WINDOWS\System32\RPCRT4.dll
0x00007ff99d8e0000 - 0x00007ff99d907000 	C:\WINDOWS\System32\bcrypt.dll
0x00007ff99dca0000 - 0x00007ff99dca8000 	C:\WINDOWS\System32\PSAPI.DLL
0x00007ff983650000 - 0x00007ff983659000 	C:\WINDOWS\SYSTEM32\WSOCK32.dll
0x00007ff99f330000 - 0x00007ff99f39b000 	C:\WINDOWS\System32\WS2_32.dll
0x00007ff988470000 - 0x00007ff988497000 	C:\WINDOWS\SYSTEM32\WINMM.dll
0x00007ff999300000 - 0x00007ff99930a000 	C:\WINDOWS\SYSTEM32\VERSION.dll
0x00007ff99bd30000 - 0x00007ff99bd42000 	C:\WINDOWS\SYSTEM32\kernel.appcore.dll
0x00007ff97a640000 - 0x00007ff97a64a000 	C:\Software\eclipse-jee-2021-06-R-win32-x86_64\eclipse\plugins\org.eclipse.justj.openjdk.hotspot.jre.full.win32.x86_64_16.0.1.v20210528-1205\jre\bin\jimage.dll
0x00007ff99b760000 - 0x00007ff99b944000 	C:\WINDOWS\SYSTEM32\DBGHELP.DLL
0x00007ff98a440000 - 0x00007ff98a474000 	C:\WINDOWS\SYSTEM32\dbgcore.DLL
0x00007ff99d850000 - 0x00007ff99d8d2000 	C:\WINDOWS\System32\bcryptPrimitives.dll
0x00007ff97dc40000 - 0x00007ff97dc7b000 	C:\Software\eclipse-jee-2021-06-R-win32-x86_64\eclipse\plugins\org.eclipse.justj.openjdk.hotspot.jre.full.win32.x86_64_16.0.1.v20210528-1205\jre\bin\jdwp.dll
0x00007ff98c3a0000 - 0x00007ff98c3ae000 	C:\Software\eclipse-jee-2021-06-R-win32-x86_64\eclipse\plugins\org.eclipse.justj.openjdk.hotspot.jre.full.win32.x86_64_16.0.1.v20210528-1205\jre\bin\instrument.dll
0x00007ff97a400000 - 0x00007ff97a425000 	C:\Software\eclipse-jee-2021-06-R-win32-x86_64\eclipse\plugins\org.eclipse.justj.openjdk.hotspot.jre.full.win32.x86_64_16.0.1.v20210528-1205\jre\bin\java.dll
0x00007ff97a3e0000 - 0x00007ff97a3f8000 	C:\Software\eclipse-jee-2021-06-R-win32-x86_64\eclipse\plugins\org.eclipse.justj.openjdk.hotspot.jre.full.win32.x86_64_16.0.1.v20210528-1205\jre\bin\zip.dll
0x00007ff99dd50000 - 0x00007ff99e4bc000 	C:\WINDOWS\System32\SHELL32.dll
0x00007ff99aea0000 - 0x00007ff99b63e000 	C:\WINDOWS\SYSTEM32\windows.storage.dll
0x00007ff99e580000 - 0x00007ff99e8d3000 	C:\WINDOWS\System32\combase.dll
0x00007ff99cb90000 - 0x00007ff99cbbe000 	C:\WINDOWS\SYSTEM32\Wldp.dll
0x00007ff99ed90000 - 0x00007ff99ee5d000 	C:\WINDOWS\System32\OLEAUT32.dll
0x00007ff99f5d0000 - 0x00007ff99f67d000 	C:\WINDOWS\System32\SHCORE.dll
0x00007ff99e4c0000 - 0x00007ff99e515000 	C:\WINDOWS\System32\shlwapi.dll
0x00007ff99d110000 - 0x00007ff99d134000 	C:\WINDOWS\SYSTEM32\profapi.dll
0x00007ff98ab50000 - 0x00007ff98ab5c000 	C:\Software\eclipse-jee-2021-06-R-win32-x86_64\eclipse\plugins\org.eclipse.justj.openjdk.hotspot.jre.full.win32.x86_64_16.0.1.v20210528-1205\jre\bin\dt_socket.dll
0x00007ff99c570000 - 0x00007ff99c5ab000 	C:\WINDOWS\SYSTEM32\IPHLPAPI.DLL
0x00007ff99c890000 - 0x00007ff99c8fa000 	C:\WINDOWS\system32\mswsock.dll
0x00007ff99c5b0000 - 0x00007ff99c67a000 	C:\WINDOWS\SYSTEM32\DNSAPI.dll
0x00007ff99dc90000 - 0x00007ff99dc98000 	C:\WINDOWS\System32\NSI.dll
0x00007ff98cd50000 - 0x00007ff98cd5a000 	C:\Windows\System32\rasadhlp.dll
0x00007ff98de70000 - 0x00007ff98def0000 	C:\WINDOWS\System32\fwpuclnt.dll
0x00007ff9833e0000 - 0x00007ff9833f9000 	C:\Software\eclipse-jee-2021-06-R-win32-x86_64\eclipse\plugins\org.eclipse.justj.openjdk.hotspot.jre.full.win32.x86_64_16.0.1.v20210528-1205\jre\bin\net.dll
0x00007ff995090000 - 0x00007ff99519a000 	C:\WINDOWS\SYSTEM32\WINHTTP.dll
0x00007ff980be0000 - 0x00007ff980bf3000 	C:\Software\eclipse-jee-2021-06-R-win32-x86_64\eclipse\plugins\org.eclipse.justj.openjdk.hotspot.jre.full.win32.x86_64_16.0.1.v20210528-1205\jre\bin\nio.dll
0x00007ff989660000 - 0x00007ff989670000 	C:\Software\eclipse-jee-2021-06-R-win32-x86_64\eclipse\plugins\org.eclipse.justj.openjdk.hotspot.jre.full.win32.x86_64_16.0.1.v20210528-1205\jre\bin\verify.dll

dbghelp: loaded successfully - version: 4.0.5 - missing functions: none
symbol engine: initialized successfully - sym options: 0x614 - pdb path: .;C:\Software\eclipse-jee-2021-06-R-win32-x86_64\eclipse\plugins\org.eclipse.justj.openjdk.hotspot.jre.full.win32.x86_64_16.0.1.v20210528-1205\jre\bin;C:\WINDOWS\SYSTEM32;C:\WINDOWS\WinSxS\amd64_microsoft.windows.common-controls_6595b64144ccf1df_6.0.19041.4355_none_60b8b9eb71f62e16;C:\Software\eclipse-jee-2021-06-R-win32-x86_64\eclipse\plugins\org.eclipse.justj.openjdk.hotspot.jre.full.win32.x86_64_16.0.1.v20210528-1205\jre\bin\server

VM Arguments:
jvm_args: -XX:+ShowCodeDetailsInExceptionMessages -agentlib:jdwp=transport=dt_socket,suspend=y,address=localhost:53075 -javaagent:C:\Software\eclipse-jee-2021-06-R-win32-x86_64\eclipse\configuration\org.eclipse.osgi\415\0\.cp\lib\javaagent-shaded.jar -Dfile.encoding=Cp1252 
java_command: arrayprograms.SortElementsInAscendingOrder
java_class_path (initial): C:\Software\Aruna_JAVA\JavaInterviewQuestions\bin;C:\Users\hp\Downloads\commons-lang3-3.14.0.jar
Launcher Type: SUN_STANDARD

[Global flags]
     intx CICompilerCount                          = 3                                         {product} {ergonomic}
     uint ConcGCThreads                            = 1                                         {product} {ergonomic}
     uint G1ConcRefinementThreads                  = 4                                         {product} {ergonomic}
   size_t G1HeapRegionSize                         = 1048576                                   {product} {ergonomic}
    uintx GCDrainStackTargetSize                   = 64                                        {product} {ergonomic}
   size_t InitialHeapSize                          = 134217728                                 {product} {ergonomic}
   size_t MarkStackSize                            = 4194304                                   {product} {ergonomic}
   size_t MaxHeapSize                              = 2124414976                                {product} {ergonomic}
   size_t MaxNewSize                               = 1274019840                                {product} {ergonomic}
   size_t MinHeapDeltaBytes                        = 1048576                                   {product} {ergonomic}
   size_t MinHeapSize                              = 8388608                                   {product} {ergonomic}
    uintx NonNMethodCodeHeapSize                   = 5832780                                {pd product} {ergonomic}
    uintx NonProfiledCodeHeapSize                  = 122912730                              {pd product} {ergonomic}
    uintx ProfiledCodeHeapSize                     = 122912730                              {pd product} {ergonomic}
    uintx ReservedCodeCacheSize                    = 251658240                              {pd product} {ergonomic}
     bool SegmentedCodeCache                       = true                                      {product} {ergonomic}
     bool ShowCodeDetailsInExceptionMessages       = true                                   {manageable} {command line}
   size_t SoftMaxHeapSize                          = 2124414976                             {manageable} {ergonomic}
     bool UseCompressedClassPointers               = true                           {product lp64_product} {ergonomic}
     bool UseCompressedOops                        = true                           {product lp64_product} {ergonomic}
     bool UseG1GC                                  = true                                      {product} {ergonomic}
     bool UseLargePagesIndividualAllocation        = false                                  {pd product} {ergonomic}

Logging:
Log output configuration:
 #0: stdout all=warning uptime,level,tags
 #1: stderr all=off uptime,level,tags

Environment Variables:
JAVA_HOME=C:\Program Files\Java\jdk-17
PATH=C:\Software\eclipse-jee-2021-06-R-win32-x86_64\eclipse\plugins\org.eclipse.justj.openjdk.hotspot.jre.full.win32.x86_64_16.0.1.v20210528-1205\jre\bin;C:/Software/eclipse-jee-2021-06-R-win32-x86_64/eclipse//plugins/org.eclipse.justj.openjdk.hotspot.jre.full.win32.x86_64_16.0.1.v20210528-1205/jre/bin/server;C:/Software/eclipse-jee-2021-06-R-win32-x86_64/eclipse//plugins/org.eclipse.justj.openjdk.hotspot.jre.full.win32.x86_64_16.0.1.v20210528-1205/jre/bin;C:\Program Files\Common Files\Oracle\Java\javapath;C:\WINDOWS\system32;C:\WINDOWS;C:\WINDOWS\System32\Wbem;C:\WINDOWS\System32\WindowsPowerShell\v1.0\;C:\WINDOWS\System32\OpenSSH\;C:\Program Files (x86)\Microsoft SQL Server\160\Tools\Binn\;C:\Program Files\Microsoft SQL Server\160\Tools\Binn\;C:\Program Files\Microsoft SQL Server\Client SDK\ODBC\170\Tools\Binn\;C:\Program Files\Microsoft SQL Server\160\DTS\Binn\;C:\Program Files\Git\bin;C:\Program Files\Git\cmd;C:\Program Files\TortoiseGit\bin;C:\apache-maven-3.9.7\bin;C:\Program Files\Java\jdk-17\bin;C:\Users\hp\AppData\Local\Microsoft\WindowsApps;C:\Users\hp\AppData\Local\Programs\Microsoft VS Code\bin;C:\Softwares\jdk-11.0.2\bin;;C:\Software\eclipse-jee-2021-06-R-win32-x86_64\eclipse;
USERNAME=hp
OS=Windows_NT
PROCESSOR_IDENTIFIER=Intel64 Family 6 Model 142 Stepping 9, GenuineIntel



---------------  S Y S T E M  ---------------

OS:
 Windows 10 , 64 bit Build 19041 (10.0.19041.4597)
OS uptime: 2 days 17:00 hours

CPU: total 4 (initial active 4) (2 cores per cpu, 2 threads per core) family 6 model 142 stepping 9 microcode 0xde, cx8, cmov, fxsr, ht, mmx, 3dnowpref, sse, sse2, sse3, ssse3, sse4.1, sse4.2, popcnt, lzcnt, tsc, tscinvbit, avx, avx2, aes, erms, clmul, bmi1, bmi2, adx, fma, vzeroupper, clflush, clflushopt

Memory: 4k page, system-wide physical 8103M (1217M free)
TotalPageFile size 20903M (AvailPageFile size 5757M)
current process WorkingSet (physical memory assigned to process): 11M, peak: 45M
current process commit charge ("private bytes"): 201M, peak: 203M

vm_info: OpenJDK 64-Bit Server VM (16.0.1+9-24) for windows-amd64 JRE (16.0.1+9-24), built on Mar 26 2021 19:30:07 by "mach5one" with MS VC++ 16.7 (VS2019)

END.
